<?xml version="1.0" encoding="UTF-8"?>
<testsuite xmlns:xsi="http://www.w3.org/2001/XMLSchema-instance" xsi:noNamespaceSchemaLocation="https://maven.apache.org/surefire/maven-surefire-plugin/xsd/surefire-test-report.xsd" name="in.airlines.testscripts.TestRunner" time="9.938" tests="2" errors="0" skipped="0" failures="0">
  <properties>
[...]
</properties>
  <testcase name="runScenario" classname="in.airlines.testscripts.TestRunner" time="4.497"/>
  <testcase name="runScenario" classname="in.airlines.testscripts.TestRunner" time="4.499"/>
</testsuite>